{
  "stats": {
    "suites": 1,
    "tests": 8,
    "passes": 0,
    "pending": 0,
    "failures": 8,
    "start": "2025-06-30T08:47:27.494Z",
    "end": "2025-06-30T08:47:30.968Z",
    "duration": 3474,
    "testsRegistered": 8,
    "passPercent": 0,
    "pendingPercent": 0,
    "other": 0,
    "hasOther": false,
    "skipped": 0,
    "hasSkipped": false
  },
  "results": [
    {
      "uuid": "d8d38c75-6b5f-4e70-b694-93eea0206c68",
      "title": "",
      "fullFile": "cypress\\integration\\backend\\backendTests.spec.js",
      "file": "cypress\\integration\\backend\\backendTests.spec.js",
      "beforeHooks": [],
      "afterHooks": [],
      "tests": [],
      "suites": [
        {
          "uuid": "1b3e7012-444a-4668-a5ea-646115b0d025",
          "title": "Backend API Tests for Employee and Admin Role",
          "fullFile": "",
          "file": "",
          "beforeHooks": [],
          "afterHooks": [],
          "tests": [
            {
              "title": "should register a new employee",
              "fullTitle": "Backend API Tests for Employee and Admin Role should register a new employee",
              "timedOut": null,
              "duration": 854,
              "state": "failed",
              "speed": null,
              "pass": false,
              "fail": true,
              "pending": false,
              "context": null,
              "code": "cy.request(\"POST\", `${apiUrl}/auth/register`, {\n  username: employeeUsername,\n  // Use the dynamically generated username\n  password: employeePassword\n}).then(response => {\n  expect(response.status).to.eq(201);\n  expect(response.body).to.have.property(\"message\", \"User registered successfully\");\n});",
              "err": {
                "message": "CypressError: `cy.request()` failed on:\n\nhttp://localhost:8080/api/auth/register\n\nThe response we received from your web server was:\n\n  > 500: Internal Server Error\n\nThis was considered a failure because the status code was not `2xx` or `3xx`.\n\nIf you do not want status codes to cause failures pass the option: `failOnStatusCode: false`\n\n-----------------------------------------------------------\n\nThe request we sent was:\n\nMethod: POST\nURL: http://localhost:8080/api/auth/register\nHeaders: {\n  \"Connection\": \"keep-alive\",\n  \"user-agent\": \"Mozilla/5.0 (Windows NT 10.0; Win64; x64) AppleWebKit/537.36 (KHTML, like Gecko) Cypress/13.17.0 Chrome/118.0.5993.159 Electron/27.3.10 Safari/537.36\",\n  \"accept\": \"*/*\",\n  \"accept-encoding\": \"gzip, deflate\",\n  \"content-type\": \"application/json\",\n  \"content-length\": 50\n}\nBody: {\"username\":\"emp_1751273247434\",\"password\":\"emp4\"}\n\n-----------------------------------------------------------\n\nThe response we got was:\n\nStatus: 500 - Internal Server Error\nHeaders: {\n  \"x-powered-by\": \"Express\",\n  \"access-control-allow-origin\": \"*\",\n  \"content-type\": \"application/json; charset=utf-8\",\n  \"content-length\": \"34\",\n  \"etag\": \"W/\\\"22-c40+vNnNNb1EeyjChXmbl7vKG3M\\\"\",\n  \"date\": \"Mon, 30 Jun 2025 08:47:27 GMT\",\n  \"connection\": \"keep-alive\",\n  \"keep-alive\": \"timeout=5\"\n}\nBody: {\n  \"message\": \"Something went wrong\"\n}\n\n\nhttps://on.cypress.io/request",
                "estack": "CypressError: `cy.request()` failed on:\n\nhttp://localhost:8080/api/auth/register\n\nThe response we received from your web server was:\n\n  > 500: Internal Server Error\n\nThis was considered a failure because the status code was not `2xx` or `3xx`.\n\nIf you do not want status codes to cause failures pass the option: `failOnStatusCode: false`\n\n-----------------------------------------------------------\n\nThe request we sent was:\n\nMethod: POST\nURL: http://localhost:8080/api/auth/register\nHeaders: {\n  \"Connection\": \"keep-alive\",\n  \"user-agent\": \"Mozilla/5.0 (Windows NT 10.0; Win64; x64) AppleWebKit/537.36 (KHTML, like Gecko) Cypress/13.17.0 Chrome/118.0.5993.159 Electron/27.3.10 Safari/537.36\",\n  \"accept\": \"*/*\",\n  \"accept-encoding\": \"gzip, deflate\",\n  \"content-type\": \"application/json\",\n  \"content-length\": 50\n}\nBody: {\"username\":\"emp_1751273247434\",\"password\":\"emp4\"}\n\n-----------------------------------------------------------\n\nThe response we got was:\n\nStatus: 500 - Internal Server Error\nHeaders: {\n  \"x-powered-by\": \"Express\",\n  \"access-control-allow-origin\": \"*\",\n  \"content-type\": \"application/json; charset=utf-8\",\n  \"content-length\": \"34\",\n  \"etag\": \"W/\\\"22-c40+vNnNNb1EeyjChXmbl7vKG3M\\\"\",\n  \"date\": \"Mon, 30 Jun 2025 08:47:27 GMT\",\n  \"connection\": \"keep-alive\",\n  \"keep-alive\": \"timeout=5\"\n}\nBody: {\n  \"message\": \"Something went wrong\"\n}\n\n\nhttps://on.cypress.io/request\n    at <unknown> (http://localhost:8080/__cypress/runner/cypress_runner.js:132876:72)\n    at tryCatcher (http://localhost:8080/__cypress/runner/cypress_runner.js:1830:23)\n    at Promise._settlePromiseFromHandler (http://localhost:8080/__cypress/runner/cypress_runner.js:1542:31)\n    at Promise._settlePromise (http://localhost:8080/__cypress/runner/cypress_runner.js:1599:18)\n    at Promise._settlePromise0 (http://localhost:8080/__cypress/runner/cypress_runner.js:1644:10)\n    at Promise._settlePromises (http://localhost:8080/__cypress/runner/cypress_runner.js:1724:18)\n    at _drainQueueStep (http://localhost:8080/__cypress/runner/cypress_runner.js:2430:12)\n    at _drainQueue (http://localhost:8080/__cypress/runner/cypress_runner.js:2423:9)\n    at Async._drainQueues (http://localhost:8080/__cypress/runner/cypress_runner.js:2439:5)\n    at Async.drainQueues (http://localhost:8080/__cypress/runner/cypress_runner.js:2309:14)\nFrom Your Spec Code:\n    at Context.eval (webpack://exitease/./cypress/integration/backend/backendTests.spec.js:9:7)",
                "diff": null
              },
              "uuid": "da5e55ca-823c-4964-aafc-c5b7fc2319ac",
              "parentUUID": "1b3e7012-444a-4668-a5ea-646115b0d025",
              "isHook": false,
              "skipped": false
            },
            {
              "title": "should login the employee with valid credentials",
              "fullTitle": "Backend API Tests for Employee and Admin Role should login the employee with valid credentials",
              "timedOut": null,
              "duration": 337,
              "state": "failed",
              "speed": null,
              "pass": false,
              "fail": true,
              "pending": false,
              "context": null,
              "code": "cy.request(\"POST\", `${apiUrl}/auth/login`, {\n  username: employeeUsername,\n  // Use the same username as registration\n  password: employeePassword // Use the same password as registration\n}).then(response => {\n  expect(response.status).to.eq(200);\n  expect(response.body).to.have.property(\"token\");\n  Cypress.env(\"employeeAuthToken\", response.body.token); // Store token in Cypress environment variable\n});",
              "err": {
                "message": "CypressError: `cy.request()` failed on:\n\nhttp://localhost:8080/api/auth/login\n\nThe response we received from your web server was:\n\n  > 401: Unauthorized\n\nThis was considered a failure because the status code was not `2xx` or `3xx`.\n\nIf you do not want status codes to cause failures pass the option: `failOnStatusCode: false`\n\n-----------------------------------------------------------\n\nThe request we sent was:\n\nMethod: POST\nURL: http://localhost:8080/api/auth/login\nHeaders: {\n  \"Connection\": \"keep-alive\",\n  \"user-agent\": \"Mozilla/5.0 (Windows NT 10.0; Win64; x64) AppleWebKit/537.36 (KHTML, like Gecko) Cypress/13.17.0 Chrome/118.0.5993.159 Electron/27.3.10 Safari/537.36\",\n  \"accept\": \"*/*\",\n  \"accept-encoding\": \"gzip, deflate\",\n  \"content-type\": \"application/json\",\n  \"content-length\": 50\n}\nBody: {\"username\":\"emp_1751273247434\",\"password\":\"emp4\"}\n\n-----------------------------------------------------------\n\nThe response we got was:\n\nStatus: 401 - Unauthorized\nHeaders: {\n  \"x-powered-by\": \"Express\",\n  \"access-control-allow-origin\": \"*\",\n  \"content-type\": \"application/json; charset=utf-8\",\n  \"content-length\": \"28\",\n  \"etag\": \"W/\\\"1c-ZEVVcvtFhxKX/QUvVKqKxwGbbNA\\\"\",\n  \"date\": \"Mon, 30 Jun 2025 08:47:28 GMT\",\n  \"connection\": \"keep-alive\",\n  \"keep-alive\": \"timeout=5\"\n}\nBody: {\n  \"message\": \"User not found\"\n}\n\n\nhttps://on.cypress.io/request",
                "estack": "CypressError: `cy.request()` failed on:\n\nhttp://localhost:8080/api/auth/login\n\nThe response we received from your web server was:\n\n  > 401: Unauthorized\n\nThis was considered a failure because the status code was not `2xx` or `3xx`.\n\nIf you do not want status codes to cause failures pass the option: `failOnStatusCode: false`\n\n-----------------------------------------------------------\n\nThe request we sent was:\n\nMethod: POST\nURL: http://localhost:8080/api/auth/login\nHeaders: {\n  \"Connection\": \"keep-alive\",\n  \"user-agent\": \"Mozilla/5.0 (Windows NT 10.0; Win64; x64) AppleWebKit/537.36 (KHTML, like Gecko) Cypress/13.17.0 Chrome/118.0.5993.159 Electron/27.3.10 Safari/537.36\",\n  \"accept\": \"*/*\",\n  \"accept-encoding\": \"gzip, deflate\",\n  \"content-type\": \"application/json\",\n  \"content-length\": 50\n}\nBody: {\"username\":\"emp_1751273247434\",\"password\":\"emp4\"}\n\n-----------------------------------------------------------\n\nThe response we got was:\n\nStatus: 401 - Unauthorized\nHeaders: {\n  \"x-powered-by\": \"Express\",\n  \"access-control-allow-origin\": \"*\",\n  \"content-type\": \"application/json; charset=utf-8\",\n  \"content-length\": \"28\",\n  \"etag\": \"W/\\\"1c-ZEVVcvtFhxKX/QUvVKqKxwGbbNA\\\"\",\n  \"date\": \"Mon, 30 Jun 2025 08:47:28 GMT\",\n  \"connection\": \"keep-alive\",\n  \"keep-alive\": \"timeout=5\"\n}\nBody: {\n  \"message\": \"User not found\"\n}\n\n\nhttps://on.cypress.io/request\n    at <unknown> (http://localhost:8080/__cypress/runner/cypress_runner.js:132876:72)\n    at tryCatcher (http://localhost:8080/__cypress/runner/cypress_runner.js:1830:23)\n    at Promise._settlePromiseFromHandler (http://localhost:8080/__cypress/runner/cypress_runner.js:1542:31)\n    at Promise._settlePromise (http://localhost:8080/__cypress/runner/cypress_runner.js:1599:18)\n    at Promise._settlePromise0 (http://localhost:8080/__cypress/runner/cypress_runner.js:1644:10)\n    at Promise._settlePromises (http://localhost:8080/__cypress/runner/cypress_runner.js:1724:18)\n    at _drainQueueStep (http://localhost:8080/__cypress/runner/cypress_runner.js:2430:12)\n    at _drainQueue (http://localhost:8080/__cypress/runner/cypress_runner.js:2423:9)\n    at Async._drainQueues (http://localhost:8080/__cypress/runner/cypress_runner.js:2439:5)\n    at Async.drainQueues (http://localhost:8080/__cypress/runner/cypress_runner.js:2309:14)\nFrom Your Spec Code:\n    at Context.eval (webpack://exitease/./cypress/integration/backend/backendTests.spec.js:22:7)",
                "diff": null
              },
              "uuid": "fa22c787-ec1e-4782-b2fc-39236bc319ca",
              "parentUUID": "1b3e7012-444a-4668-a5ea-646115b0d025",
              "isHook": false,
              "skipped": false
            },
            {
              "title": "should submit resignation for an employee",
              "fullTitle": "Backend API Tests for Employee and Admin Role should submit resignation for an employee",
              "timedOut": null,
              "duration": 241,
              "state": "failed",
              "speed": null,
              "pass": false,
              "fail": true,
              "pending": false,
              "context": null,
              "code": "const token = Cypress.env(\"employeeAuthToken\"); // Retrieve token from Cypress environment variable\ncy.request({\n  method: \"POST\",\n  url: `${apiUrl}/user/resign`,\n  headers: {\n    Authorization: `${token}`\n  },\n  body: {\n    lwd: \"2024-12-26\"\n  }\n}).then(response => {\n  expect(response.status).to.eq(200);\n  employeeResignationId = response.body.data.resignation._id; // Store resignation ID for approval\n});",
              "err": {
                "message": "CypressError: `cy.request()` failed on:\n\nhttp://localhost:8080/api/user/resign\n\nThe response we received from your web server was:\n\n  > 500: Internal Server Error\n\nThis was considered a failure because the status code was not `2xx` or `3xx`.\n\nIf you do not want status codes to cause failures pass the option: `failOnStatusCode: false`\n\n-----------------------------------------------------------\n\nThe request we sent was:\n\nMethod: POST\nURL: http://localhost:8080/api/user/resign\nHeaders: {\n  \"Connection\": \"keep-alive\",\n  \"Authorization\": \"undefined\",\n  \"user-agent\": \"Mozilla/5.0 (Windows NT 10.0; Win64; x64) AppleWebKit/537.36 (KHTML, like Gecko) Cypress/13.17.0 Chrome/118.0.5993.159 Electron/27.3.10 Safari/537.36\",\n  \"accept\": \"*/*\",\n  \"accept-encoding\": \"gzip, deflate\",\n  \"content-type\": \"application/json\",\n  \"content-length\": 20\n}\nBody: {\"lwd\":\"2024-12-26\"}\n\n-----------------------------------------------------------\n\nThe response we got was:\n\nStatus: 500 - Internal Server Error\nHeaders: {\n  \"x-powered-by\": \"Express\",\n  \"access-control-allow-origin\": \"*\",\n  \"content-security-policy\": \"default-src 'none'\",\n  \"x-content-type-options\": \"nosniff\",\n  \"content-type\": \"text/html; charset=utf-8\",\n  \"content-length\": \"1324\",\n  \"date\": \"Mon, 30 Jun 2025 08:47:28 GMT\",\n  \"connection\": \"keep-alive\",\n  \"keep-alive\": \"timeout=5\"\n}\nBody: <!DOCTYPE html>\n<html lang=\"en\">\n<head>\n<meta charset=\"utf-8\">\n<title>Error</title>\n</head>\n<body>\n<pre>JsonWebTokenError: jwt malformed<br> &nbsp; &nbsp;at module.exports [as verify] (C:\\Users\\rajla\\OneDrive\\Desktop\\xexit\\backend\\node_modules\\jsonwebtoken\\verify.js:70:17)<br> &nbsp; &nbsp;at fetchUser (C:\\Users\\rajla\\OneDrive\\Desktop\\xexit\\backend\\middleware\\auth.js:4:28)<br> &nbsp; &nbsp;at isEmployee (C:\\Users\\rajla\\OneDrive\\Desktop\\xexit\\backend\\middleware\\auth.js:32:22)<br> &nbsp; &nbsp;at Layer.handleRequest (C:\\Users\\rajla\\OneDrive\\Desktop\\xexit\\backend\\node_modules\\router\\lib\\layer.js:152:17)<br> &nbsp; &nbsp;at next (C:\\Users\\rajla\\OneDrive\\Desktop\\xexit\\backend\\node_modules\\router\\lib\\route.js:157:13)<br> &nbsp; &nbsp;at Route.dispatch (C:\\Users\\rajla\\OneDrive\\Desktop\\xexit\\backend\\node_modules\\router\\lib\\route.js:117:3)<br> &nbsp; &nbsp;at handle (C:\\Users\\rajla\\OneDrive\\Desktop\\xexit\\backend\\node_modules\\router\\index.js:435:11)<br> &nbsp; &nbsp;at Layer.handleRequest (C:\\Users\\rajla\\OneDrive\\Desktop\\xexit\\backend\\node_modules\\router\\lib\\layer.js:152:17)<br> &nbsp; &nbsp;at C:\\Users\\rajla\\OneDrive\\Desktop\\xexit\\backend\\node_modules\\router\\index.js:295:15<br> &nbsp; &nbsp;at processParams (C:\\Users\\rajla\\OneDrive\\Desktop\\xexit\\backend\\node_modules\\router\\index.js:582:12)</pre>\n</body>\n</html>\n\nhttps://on.cypress.io/request",
                "estack": "CypressError: `cy.request()` failed on:\n\nhttp://localhost:8080/api/user/resign\n\nThe response we received from your web server was:\n\n  > 500: Internal Server Error\n\nThis was considered a failure because the status code was not `2xx` or `3xx`.\n\nIf you do not want status codes to cause failures pass the option: `failOnStatusCode: false`\n\n-----------------------------------------------------------\n\nThe request we sent was:\n\nMethod: POST\nURL: http://localhost:8080/api/user/resign\nHeaders: {\n  \"Connection\": \"keep-alive\",\n  \"Authorization\": \"undefined\",\n  \"user-agent\": \"Mozilla/5.0 (Windows NT 10.0; Win64; x64) AppleWebKit/537.36 (KHTML, like Gecko) Cypress/13.17.0 Chrome/118.0.5993.159 Electron/27.3.10 Safari/537.36\",\n  \"accept\": \"*/*\",\n  \"accept-encoding\": \"gzip, deflate\",\n  \"content-type\": \"application/json\",\n  \"content-length\": 20\n}\nBody: {\"lwd\":\"2024-12-26\"}\n\n-----------------------------------------------------------\n\nThe response we got was:\n\nStatus: 500 - Internal Server Error\nHeaders: {\n  \"x-powered-by\": \"Express\",\n  \"access-control-allow-origin\": \"*\",\n  \"content-security-policy\": \"default-src 'none'\",\n  \"x-content-type-options\": \"nosniff\",\n  \"content-type\": \"text/html; charset=utf-8\",\n  \"content-length\": \"1324\",\n  \"date\": \"Mon, 30 Jun 2025 08:47:28 GMT\",\n  \"connection\": \"keep-alive\",\n  \"keep-alive\": \"timeout=5\"\n}\nBody: <!DOCTYPE html>\n<html lang=\"en\">\n<head>\n<meta charset=\"utf-8\">\n<title>Error</title>\n</head>\n<body>\n<pre>JsonWebTokenError: jwt malformed<br> &nbsp; &nbsp;at module.exports [as verify] (C:\\Users\\rajla\\OneDrive\\Desktop\\xexit\\backend\\node_modules\\jsonwebtoken\\verify.js:70:17)<br> &nbsp; &nbsp;at fetchUser (C:\\Users\\rajla\\OneDrive\\Desktop\\xexit\\backend\\middleware\\auth.js:4:28)<br> &nbsp; &nbsp;at isEmployee (C:\\Users\\rajla\\OneDrive\\Desktop\\xexit\\backend\\middleware\\auth.js:32:22)<br> &nbsp; &nbsp;at Layer.handleRequest (C:\\Users\\rajla\\OneDrive\\Desktop\\xexit\\backend\\node_modules\\router\\lib\\layer.js:152:17)<br> &nbsp; &nbsp;at next (C:\\Users\\rajla\\OneDrive\\Desktop\\xexit\\backend\\node_modules\\router\\lib\\route.js:157:13)<br> &nbsp; &nbsp;at Route.dispatch (C:\\Users\\rajla\\OneDrive\\Desktop\\xexit\\backend\\node_modules\\router\\lib\\route.js:117:3)<br> &nbsp; &nbsp;at handle (C:\\Users\\rajla\\OneDrive\\Desktop\\xexit\\backend\\node_modules\\router\\index.js:435:11)<br> &nbsp; &nbsp;at Layer.handleRequest (C:\\Users\\rajla\\OneDrive\\Desktop\\xexit\\backend\\node_modules\\router\\lib\\layer.js:152:17)<br> &nbsp; &nbsp;at C:\\Users\\rajla\\OneDrive\\Desktop\\xexit\\backend\\node_modules\\router\\index.js:295:15<br> &nbsp; &nbsp;at processParams (C:\\Users\\rajla\\OneDrive\\Desktop\\xexit\\backend\\node_modules\\router\\index.js:582:12)</pre>\n</body>\n</html>\n\nhttps://on.cypress.io/request\n    at <unknown> (http://localhost:8080/__cypress/runner/cypress_runner.js:132876:72)\n    at tryCatcher (http://localhost:8080/__cypress/runner/cypress_runner.js:1830:23)\n    at Promise._settlePromiseFromHandler (http://localhost:8080/__cypress/runner/cypress_runner.js:1542:31)\n    at Promise._settlePromise (http://localhost:8080/__cypress/runner/cypress_runner.js:1599:18)\n    at Promise._settlePromise0 (http://localhost:8080/__cypress/runner/cypress_runner.js:1644:10)\n    at Promise._settlePromises (http://localhost:8080/__cypress/runner/cypress_runner.js:1724:18)\n    at _drainQueueStep (http://localhost:8080/__cypress/runner/cypress_runner.js:2430:12)\n    at _drainQueue (http://localhost:8080/__cypress/runner/cypress_runner.js:2423:9)\n    at Async._drainQueues (http://localhost:8080/__cypress/runner/cypress_runner.js:2439:5)\n    at Async.drainQueues (http://localhost:8080/__cypress/runner/cypress_runner.js:2309:14)\nFrom Your Spec Code:\n    at Context.eval (webpack://exitease/./cypress/integration/backend/backendTests.spec.js:34:7)",
                "diff": null
              },
              "uuid": "1fff1d79-6c92-48a9-b1d3-2c8bea04c2ac",
              "parentUUID": "1b3e7012-444a-4668-a5ea-646115b0d025",
              "isHook": false,
              "skipped": false
            },
            {
              "title": "should login as admin (HR)",
              "fullTitle": "Backend API Tests for Employee and Admin Role should login as admin (HR)",
              "timedOut": null,
              "duration": 562,
              "state": "failed",
              "speed": null,
              "pass": false,
              "fail": true,
              "pending": false,
              "context": null,
              "code": "cy.request(\"POST\", `${apiUrl}/auth/login`, {\n  username: \"admin\",\n  password: \"admin\"\n}).then(response => {\n  expect(response.status).to.eq(200);\n  expect(response.body).to.have.property(\"token\");\n  Cypress.env(\"adminAuthToken\", response.body.token); // Store admin token in Cypress environment variable\n});",
              "err": {
                "message": "CypressError: `cy.request()` failed on:\n\nhttp://localhost:8080/api/auth/login\n\nThe response we received from your web server was:\n\n  > 401: Unauthorized\n\nThis was considered a failure because the status code was not `2xx` or `3xx`.\n\nIf you do not want status codes to cause failures pass the option: `failOnStatusCode: false`\n\n-----------------------------------------------------------\n\nThe request we sent was:\n\nMethod: POST\nURL: http://localhost:8080/api/auth/login\nHeaders: {\n  \"Connection\": \"keep-alive\",\n  \"user-agent\": \"Mozilla/5.0 (Windows NT 10.0; Win64; x64) AppleWebKit/537.36 (KHTML, like Gecko) Cypress/13.17.0 Chrome/118.0.5993.159 Electron/27.3.10 Safari/537.36\",\n  \"accept\": \"*/*\",\n  \"accept-encoding\": \"gzip, deflate\",\n  \"content-type\": \"application/json\",\n  \"content-length\": 39\n}\nBody: {\"username\":\"admin\",\"password\":\"admin\"}\n\n-----------------------------------------------------------\n\nThe response we got was:\n\nStatus: 401 - Unauthorized\nHeaders: {\n  \"x-powered-by\": \"Express\",\n  \"access-control-allow-origin\": \"*\",\n  \"content-type\": \"application/json; charset=utf-8\",\n  \"content-length\": \"28\",\n  \"etag\": \"W/\\\"1c-ZEVVcvtFhxKX/QUvVKqKxwGbbNA\\\"\",\n  \"date\": \"Mon, 30 Jun 2025 08:47:29 GMT\",\n  \"connection\": \"keep-alive\",\n  \"keep-alive\": \"timeout=5\"\n}\nBody: {\n  \"message\": \"User not found\"\n}\n\n\nhttps://on.cypress.io/request",
                "estack": "CypressError: `cy.request()` failed on:\n\nhttp://localhost:8080/api/auth/login\n\nThe response we received from your web server was:\n\n  > 401: Unauthorized\n\nThis was considered a failure because the status code was not `2xx` or `3xx`.\n\nIf you do not want status codes to cause failures pass the option: `failOnStatusCode: false`\n\n-----------------------------------------------------------\n\nThe request we sent was:\n\nMethod: POST\nURL: http://localhost:8080/api/auth/login\nHeaders: {\n  \"Connection\": \"keep-alive\",\n  \"user-agent\": \"Mozilla/5.0 (Windows NT 10.0; Win64; x64) AppleWebKit/537.36 (KHTML, like Gecko) Cypress/13.17.0 Chrome/118.0.5993.159 Electron/27.3.10 Safari/537.36\",\n  \"accept\": \"*/*\",\n  \"accept-encoding\": \"gzip, deflate\",\n  \"content-type\": \"application/json\",\n  \"content-length\": 39\n}\nBody: {\"username\":\"admin\",\"password\":\"admin\"}\n\n-----------------------------------------------------------\n\nThe response we got was:\n\nStatus: 401 - Unauthorized\nHeaders: {\n  \"x-powered-by\": \"Express\",\n  \"access-control-allow-origin\": \"*\",\n  \"content-type\": \"application/json; charset=utf-8\",\n  \"content-length\": \"28\",\n  \"etag\": \"W/\\\"1c-ZEVVcvtFhxKX/QUvVKqKxwGbbNA\\\"\",\n  \"date\": \"Mon, 30 Jun 2025 08:47:29 GMT\",\n  \"connection\": \"keep-alive\",\n  \"keep-alive\": \"timeout=5\"\n}\nBody: {\n  \"message\": \"User not found\"\n}\n\n\nhttps://on.cypress.io/request\n    at <unknown> (http://localhost:8080/__cypress/runner/cypress_runner.js:132876:72)\n    at tryCatcher (http://localhost:8080/__cypress/runner/cypress_runner.js:1830:23)\n    at Promise._settlePromiseFromHandler (http://localhost:8080/__cypress/runner/cypress_runner.js:1542:31)\n    at Promise._settlePromise (http://localhost:8080/__cypress/runner/cypress_runner.js:1599:18)\n    at Promise._settlePromise0 (http://localhost:8080/__cypress/runner/cypress_runner.js:1644:10)\n    at Promise._settlePromises (http://localhost:8080/__cypress/runner/cypress_runner.js:1724:18)\n    at _drainQueueStep (http://localhost:8080/__cypress/runner/cypress_runner.js:2430:12)\n    at _drainQueue (http://localhost:8080/__cypress/runner/cypress_runner.js:2423:9)\n    at Async._drainQueues (http://localhost:8080/__cypress/runner/cypress_runner.js:2439:5)\n    at Async.drainQueues (http://localhost:8080/__cypress/runner/cypress_runner.js:2309:14)\nFrom Your Spec Code:\n    at Context.eval (webpack://exitease/./cypress/integration/backend/backendTests.spec.js:51:7)",
                "diff": null
              },
              "uuid": "4cf415f2-fee6-439c-a3e7-6a5a08bf81ee",
              "parentUUID": "1b3e7012-444a-4668-a5ea-646115b0d025",
              "isHook": false,
              "skipped": false
            },
            {
              "title": "should view all resignations submitted by employees as admin",
              "fullTitle": "Backend API Tests for Employee and Admin Role should view all resignations submitted by employees as admin",
              "timedOut": null,
              "duration": 205,
              "state": "failed",
              "speed": null,
              "pass": false,
              "fail": true,
              "pending": false,
              "context": null,
              "code": "const token = Cypress.env(\"adminAuthToken\"); // Retrieve admin token from Cypress environment variable\ncy.request({\n  method: \"GET\",\n  url: `${apiUrl}/admin/resignations`,\n  headers: {\n    Authorization: `${token}`\n  }\n}).then(response => {\n  expect(response.status).to.eq(200);\n  expect(response.body.data).to.be.an(\"array\");\n});",
              "err": {
                "message": "CypressError: `cy.request()` failed on:\n\nhttp://localhost:8080/api/admin/resignations\n\nThe response we received from your web server was:\n\n  > 500: Internal Server Error\n\nThis was considered a failure because the status code was not `2xx` or `3xx`.\n\nIf you do not want status codes to cause failures pass the option: `failOnStatusCode: false`\n\n-----------------------------------------------------------\n\nThe request we sent was:\n\nMethod: GET\nURL: http://localhost:8080/api/admin/resignations\nHeaders: {\n  \"Connection\": \"keep-alive\",\n  \"Authorization\": \"undefined\",\n  \"user-agent\": \"Mozilla/5.0 (Windows NT 10.0; Win64; x64) AppleWebKit/537.36 (KHTML, like Gecko) Cypress/13.17.0 Chrome/118.0.5993.159 Electron/27.3.10 Safari/537.36\",\n  \"accept\": \"*/*\",\n  \"accept-encoding\": \"gzip, deflate\"\n}\n\n-----------------------------------------------------------\n\nThe response we got was:\n\nStatus: 500 - Internal Server Error\nHeaders: {\n  \"x-powered-by\": \"Express\",\n  \"access-control-allow-origin\": \"*\",\n  \"content-security-policy\": \"default-src 'none'\",\n  \"x-content-type-options\": \"nosniff\",\n  \"content-type\": \"text/html; charset=utf-8\",\n  \"content-length\": \"1321\",\n  \"date\": \"Mon, 30 Jun 2025 08:47:29 GMT\",\n  \"connection\": \"keep-alive\",\n  \"keep-alive\": \"timeout=5\"\n}\nBody: <!DOCTYPE html>\n<html lang=\"en\">\n<head>\n<meta charset=\"utf-8\">\n<title>Error</title>\n</head>\n<body>\n<pre>JsonWebTokenError: jwt malformed<br> &nbsp; &nbsp;at module.exports [as verify] (C:\\Users\\rajla\\OneDrive\\Desktop\\xexit\\backend\\node_modules\\jsonwebtoken\\verify.js:70:17)<br> &nbsp; &nbsp;at fetchUser (C:\\Users\\rajla\\OneDrive\\Desktop\\xexit\\backend\\middleware\\auth.js:4:28)<br> &nbsp; &nbsp;at isAdmin (C:\\Users\\rajla\\OneDrive\\Desktop\\xexit\\backend\\middleware\\auth.js:50:22)<br> &nbsp; &nbsp;at Layer.handleRequest (C:\\Users\\rajla\\OneDrive\\Desktop\\xexit\\backend\\node_modules\\router\\lib\\layer.js:152:17)<br> &nbsp; &nbsp;at next (C:\\Users\\rajla\\OneDrive\\Desktop\\xexit\\backend\\node_modules\\router\\lib\\route.js:157:13)<br> &nbsp; &nbsp;at Route.dispatch (C:\\Users\\rajla\\OneDrive\\Desktop\\xexit\\backend\\node_modules\\router\\lib\\route.js:117:3)<br> &nbsp; &nbsp;at handle (C:\\Users\\rajla\\OneDrive\\Desktop\\xexit\\backend\\node_modules\\router\\index.js:435:11)<br> &nbsp; &nbsp;at Layer.handleRequest (C:\\Users\\rajla\\OneDrive\\Desktop\\xexit\\backend\\node_modules\\router\\lib\\layer.js:152:17)<br> &nbsp; &nbsp;at C:\\Users\\rajla\\OneDrive\\Desktop\\xexit\\backend\\node_modules\\router\\index.js:295:15<br> &nbsp; &nbsp;at processParams (C:\\Users\\rajla\\OneDrive\\Desktop\\xexit\\backend\\node_modules\\router\\index.js:582:12)</pre>\n</body>\n</html>\n\nhttps://on.cypress.io/request",
                "estack": "CypressError: `cy.request()` failed on:\n\nhttp://localhost:8080/api/admin/resignations\n\nThe response we received from your web server was:\n\n  > 500: Internal Server Error\n\nThis was considered a failure because the status code was not `2xx` or `3xx`.\n\nIf you do not want status codes to cause failures pass the option: `failOnStatusCode: false`\n\n-----------------------------------------------------------\n\nThe request we sent was:\n\nMethod: GET\nURL: http://localhost:8080/api/admin/resignations\nHeaders: {\n  \"Connection\": \"keep-alive\",\n  \"Authorization\": \"undefined\",\n  \"user-agent\": \"Mozilla/5.0 (Windows NT 10.0; Win64; x64) AppleWebKit/537.36 (KHTML, like Gecko) Cypress/13.17.0 Chrome/118.0.5993.159 Electron/27.3.10 Safari/537.36\",\n  \"accept\": \"*/*\",\n  \"accept-encoding\": \"gzip, deflate\"\n}\n\n-----------------------------------------------------------\n\nThe response we got was:\n\nStatus: 500 - Internal Server Error\nHeaders: {\n  \"x-powered-by\": \"Express\",\n  \"access-control-allow-origin\": \"*\",\n  \"content-security-policy\": \"default-src 'none'\",\n  \"x-content-type-options\": \"nosniff\",\n  \"content-type\": \"text/html; charset=utf-8\",\n  \"content-length\": \"1321\",\n  \"date\": \"Mon, 30 Jun 2025 08:47:29 GMT\",\n  \"connection\": \"keep-alive\",\n  \"keep-alive\": \"timeout=5\"\n}\nBody: <!DOCTYPE html>\n<html lang=\"en\">\n<head>\n<meta charset=\"utf-8\">\n<title>Error</title>\n</head>\n<body>\n<pre>JsonWebTokenError: jwt malformed<br> &nbsp; &nbsp;at module.exports [as verify] (C:\\Users\\rajla\\OneDrive\\Desktop\\xexit\\backend\\node_modules\\jsonwebtoken\\verify.js:70:17)<br> &nbsp; &nbsp;at fetchUser (C:\\Users\\rajla\\OneDrive\\Desktop\\xexit\\backend\\middleware\\auth.js:4:28)<br> &nbsp; &nbsp;at isAdmin (C:\\Users\\rajla\\OneDrive\\Desktop\\xexit\\backend\\middleware\\auth.js:50:22)<br> &nbsp; &nbsp;at Layer.handleRequest (C:\\Users\\rajla\\OneDrive\\Desktop\\xexit\\backend\\node_modules\\router\\lib\\layer.js:152:17)<br> &nbsp; &nbsp;at next (C:\\Users\\rajla\\OneDrive\\Desktop\\xexit\\backend\\node_modules\\router\\lib\\route.js:157:13)<br> &nbsp; &nbsp;at Route.dispatch (C:\\Users\\rajla\\OneDrive\\Desktop\\xexit\\backend\\node_modules\\router\\lib\\route.js:117:3)<br> &nbsp; &nbsp;at handle (C:\\Users\\rajla\\OneDrive\\Desktop\\xexit\\backend\\node_modules\\router\\index.js:435:11)<br> &nbsp; &nbsp;at Layer.handleRequest (C:\\Users\\rajla\\OneDrive\\Desktop\\xexit\\backend\\node_modules\\router\\lib\\layer.js:152:17)<br> &nbsp; &nbsp;at C:\\Users\\rajla\\OneDrive\\Desktop\\xexit\\backend\\node_modules\\router\\index.js:295:15<br> &nbsp; &nbsp;at processParams (C:\\Users\\rajla\\OneDrive\\Desktop\\xexit\\backend\\node_modules\\router\\index.js:582:12)</pre>\n</body>\n</html>\n\nhttps://on.cypress.io/request\n    at <unknown> (http://localhost:8080/__cypress/runner/cypress_runner.js:132876:72)\n    at tryCatcher (http://localhost:8080/__cypress/runner/cypress_runner.js:1830:23)\n    at Promise._settlePromiseFromHandler (http://localhost:8080/__cypress/runner/cypress_runner.js:1542:31)\n    at Promise._settlePromise (http://localhost:8080/__cypress/runner/cypress_runner.js:1599:18)\n    at Promise._settlePromise0 (http://localhost:8080/__cypress/runner/cypress_runner.js:1644:10)\n    at Promise._settlePromises (http://localhost:8080/__cypress/runner/cypress_runner.js:1724:18)\n    at _drainQueueStep (http://localhost:8080/__cypress/runner/cypress_runner.js:2430:12)\n    at _drainQueue (http://localhost:8080/__cypress/runner/cypress_runner.js:2423:9)\n    at Async._drainQueues (http://localhost:8080/__cypress/runner/cypress_runner.js:2439:5)\n    at Async.drainQueues (http://localhost:8080/__cypress/runner/cypress_runner.js:2309:14)\nFrom Your Spec Code:\n    at Context.eval (webpack://exitease/./cypress/integration/backend/backendTests.spec.js:63:7)",
                "diff": null
              },
              "uuid": "7070a3f5-6a48-4412-b627-d8c31b604fd8",
              "parentUUID": "1b3e7012-444a-4668-a5ea-646115b0d025",
              "isHook": false,
              "skipped": false
            },
            {
              "title": "should approve the employee’s resignation as admin",
              "fullTitle": "Backend API Tests for Employee and Admin Role should approve the employee’s resignation as admin",
              "timedOut": null,
              "duration": 258,
              "state": "failed",
              "speed": null,
              "pass": false,
              "fail": true,
              "pending": false,
              "context": null,
              "code": "const token = Cypress.env(\"adminAuthToken\"); // Retrieve admin token from Cypress environment variable\ncy.request({\n  method: \"PUT\",\n  url: `${apiUrl}/admin/conclude_resignation`,\n  headers: {\n    Authorization: `${token}`\n  },\n  body: {\n    resignationId: employeeResignationId,\n    approved: true,\n    lwd: \"26 Dec 2024\"\n  }\n}).then(response => {\n  expect(response.status).to.eq(200);\n});",
              "err": {
                "message": "CypressError: `cy.request()` failed on:\n\nhttp://localhost:8080/api/admin/conclude_resignation\n\nThe response we received from your web server was:\n\n  > 500: Internal Server Error\n\nThis was considered a failure because the status code was not `2xx` or `3xx`.\n\nIf you do not want status codes to cause failures pass the option: `failOnStatusCode: false`\n\n-----------------------------------------------------------\n\nThe request we sent was:\n\nMethod: PUT\nURL: http://localhost:8080/api/admin/conclude_resignation\nHeaders: {\n  \"Connection\": \"keep-alive\",\n  \"Authorization\": \"undefined\",\n  \"user-agent\": \"Mozilla/5.0 (Windows NT 10.0; Win64; x64) AppleWebKit/537.36 (KHTML, like Gecko) Cypress/13.17.0 Chrome/118.0.5993.159 Electron/27.3.10 Safari/537.36\",\n  \"accept\": \"*/*\",\n  \"accept-encoding\": \"gzip, deflate\",\n  \"content-type\": \"application/json\",\n  \"content-length\": 58\n}\nBody: {\"resignationId\":null,\"approved\":true,\"lwd\":\"26 Dec 2024\"}\n\n-----------------------------------------------------------\n\nThe response we got was:\n\nStatus: 500 - Internal Server Error\nHeaders: {\n  \"x-powered-by\": \"Express\",\n  \"access-control-allow-origin\": \"*\",\n  \"content-security-policy\": \"default-src 'none'\",\n  \"x-content-type-options\": \"nosniff\",\n  \"content-type\": \"text/html; charset=utf-8\",\n  \"content-length\": \"1321\",\n  \"date\": \"Mon, 30 Jun 2025 08:47:30 GMT\",\n  \"connection\": \"keep-alive\",\n  \"keep-alive\": \"timeout=5\"\n}\nBody: <!DOCTYPE html>\n<html lang=\"en\">\n<head>\n<meta charset=\"utf-8\">\n<title>Error</title>\n</head>\n<body>\n<pre>JsonWebTokenError: jwt malformed<br> &nbsp; &nbsp;at module.exports [as verify] (C:\\Users\\rajla\\OneDrive\\Desktop\\xexit\\backend\\node_modules\\jsonwebtoken\\verify.js:70:17)<br> &nbsp; &nbsp;at fetchUser (C:\\Users\\rajla\\OneDrive\\Desktop\\xexit\\backend\\middleware\\auth.js:4:28)<br> &nbsp; &nbsp;at isAdmin (C:\\Users\\rajla\\OneDrive\\Desktop\\xexit\\backend\\middleware\\auth.js:50:22)<br> &nbsp; &nbsp;at Layer.handleRequest (C:\\Users\\rajla\\OneDrive\\Desktop\\xexit\\backend\\node_modules\\router\\lib\\layer.js:152:17)<br> &nbsp; &nbsp;at next (C:\\Users\\rajla\\OneDrive\\Desktop\\xexit\\backend\\node_modules\\router\\lib\\route.js:157:13)<br> &nbsp; &nbsp;at Route.dispatch (C:\\Users\\rajla\\OneDrive\\Desktop\\xexit\\backend\\node_modules\\router\\lib\\route.js:117:3)<br> &nbsp; &nbsp;at handle (C:\\Users\\rajla\\OneDrive\\Desktop\\xexit\\backend\\node_modules\\router\\index.js:435:11)<br> &nbsp; &nbsp;at Layer.handleRequest (C:\\Users\\rajla\\OneDrive\\Desktop\\xexit\\backend\\node_modules\\router\\lib\\layer.js:152:17)<br> &nbsp; &nbsp;at C:\\Users\\rajla\\OneDrive\\Desktop\\xexit\\backend\\node_modules\\router\\index.js:295:15<br> &nbsp; &nbsp;at processParams (C:\\Users\\rajla\\OneDrive\\Desktop\\xexit\\backend\\node_modules\\router\\index.js:582:12)</pre>\n</body>\n</html>\n\nhttps://on.cypress.io/request",
                "estack": "CypressError: `cy.request()` failed on:\n\nhttp://localhost:8080/api/admin/conclude_resignation\n\nThe response we received from your web server was:\n\n  > 500: Internal Server Error\n\nThis was considered a failure because the status code was not `2xx` or `3xx`.\n\nIf you do not want status codes to cause failures pass the option: `failOnStatusCode: false`\n\n-----------------------------------------------------------\n\nThe request we sent was:\n\nMethod: PUT\nURL: http://localhost:8080/api/admin/conclude_resignation\nHeaders: {\n  \"Connection\": \"keep-alive\",\n  \"Authorization\": \"undefined\",\n  \"user-agent\": \"Mozilla/5.0 (Windows NT 10.0; Win64; x64) AppleWebKit/537.36 (KHTML, like Gecko) Cypress/13.17.0 Chrome/118.0.5993.159 Electron/27.3.10 Safari/537.36\",\n  \"accept\": \"*/*\",\n  \"accept-encoding\": \"gzip, deflate\",\n  \"content-type\": \"application/json\",\n  \"content-length\": 58\n}\nBody: {\"resignationId\":null,\"approved\":true,\"lwd\":\"26 Dec 2024\"}\n\n-----------------------------------------------------------\n\nThe response we got was:\n\nStatus: 500 - Internal Server Error\nHeaders: {\n  \"x-powered-by\": \"Express\",\n  \"access-control-allow-origin\": \"*\",\n  \"content-security-policy\": \"default-src 'none'\",\n  \"x-content-type-options\": \"nosniff\",\n  \"content-type\": \"text/html; charset=utf-8\",\n  \"content-length\": \"1321\",\n  \"date\": \"Mon, 30 Jun 2025 08:47:30 GMT\",\n  \"connection\": \"keep-alive\",\n  \"keep-alive\": \"timeout=5\"\n}\nBody: <!DOCTYPE html>\n<html lang=\"en\">\n<head>\n<meta charset=\"utf-8\">\n<title>Error</title>\n</head>\n<body>\n<pre>JsonWebTokenError: jwt malformed<br> &nbsp; &nbsp;at module.exports [as verify] (C:\\Users\\rajla\\OneDrive\\Desktop\\xexit\\backend\\node_modules\\jsonwebtoken\\verify.js:70:17)<br> &nbsp; &nbsp;at fetchUser (C:\\Users\\rajla\\OneDrive\\Desktop\\xexit\\backend\\middleware\\auth.js:4:28)<br> &nbsp; &nbsp;at isAdmin (C:\\Users\\rajla\\OneDrive\\Desktop\\xexit\\backend\\middleware\\auth.js:50:22)<br> &nbsp; &nbsp;at Layer.handleRequest (C:\\Users\\rajla\\OneDrive\\Desktop\\xexit\\backend\\node_modules\\router\\lib\\layer.js:152:17)<br> &nbsp; &nbsp;at next (C:\\Users\\rajla\\OneDrive\\Desktop\\xexit\\backend\\node_modules\\router\\lib\\route.js:157:13)<br> &nbsp; &nbsp;at Route.dispatch (C:\\Users\\rajla\\OneDrive\\Desktop\\xexit\\backend\\node_modules\\router\\lib\\route.js:117:3)<br> &nbsp; &nbsp;at handle (C:\\Users\\rajla\\OneDrive\\Desktop\\xexit\\backend\\node_modules\\router\\index.js:435:11)<br> &nbsp; &nbsp;at Layer.handleRequest (C:\\Users\\rajla\\OneDrive\\Desktop\\xexit\\backend\\node_modules\\router\\lib\\layer.js:152:17)<br> &nbsp; &nbsp;at C:\\Users\\rajla\\OneDrive\\Desktop\\xexit\\backend\\node_modules\\router\\index.js:295:15<br> &nbsp; &nbsp;at processParams (C:\\Users\\rajla\\OneDrive\\Desktop\\xexit\\backend\\node_modules\\router\\index.js:582:12)</pre>\n</body>\n</html>\n\nhttps://on.cypress.io/request\n    at <unknown> (http://localhost:8080/__cypress/runner/cypress_runner.js:132876:72)\n    at tryCatcher (http://localhost:8080/__cypress/runner/cypress_runner.js:1830:23)\n    at Promise._settlePromiseFromHandler (http://localhost:8080/__cypress/runner/cypress_runner.js:1542:31)\n    at Promise._settlePromise (http://localhost:8080/__cypress/runner/cypress_runner.js:1599:18)\n    at Promise._settlePromise0 (http://localhost:8080/__cypress/runner/cypress_runner.js:1644:10)\n    at Promise._settlePromises (http://localhost:8080/__cypress/runner/cypress_runner.js:1724:18)\n    at _drainQueueStep (http://localhost:8080/__cypress/runner/cypress_runner.js:2430:12)\n    at _drainQueue (http://localhost:8080/__cypress/runner/cypress_runner.js:2423:9)\n    at Async._drainQueues (http://localhost:8080/__cypress/runner/cypress_runner.js:2439:5)\n    at Async.drainQueues (http://localhost:8080/__cypress/runner/cypress_runner.js:2309:14)\nFrom Your Spec Code:\n    at Context.eval (webpack://exitease/./cypress/integration/backend/backendTests.spec.js:77:7)",
                "diff": null
              },
              "uuid": "d00fedef-2675-4bd1-b36a-b3ed2d2bf2f0",
              "parentUUID": "1b3e7012-444a-4668-a5ea-646115b0d025",
              "isHook": false,
              "skipped": false
            },
            {
              "title": "should allow the employee to submit responses to exit questionnaire",
              "fullTitle": "Backend API Tests for Employee and Admin Role should allow the employee to submit responses to exit questionnaire",
              "timedOut": null,
              "duration": 257,
              "state": "failed",
              "speed": null,
              "pass": false,
              "fail": true,
              "pending": false,
              "context": null,
              "code": "const token = Cypress.env(\"employeeAuthToken\"); // Retrieve employee token from Cypress environment variable\ncy.request({\n  method: \"POST\",\n  url: `${apiUrl}/user/responses`,\n  headers: {\n    Authorization: `${token}`\n  },\n  body: {\n    responses: [{\n      questionText: \"What prompted you to start looking for another job?\",\n      response: \"Lack of career growth opportunities\"\n    }, {\n      questionText: \"Would you recommend this company to others?\",\n      response: \"Yes, with some reservations\"\n    }]\n  }\n}).then(response => {\n  expect(response.status).to.eq(200);\n});",
              "err": {
                "message": "CypressError: `cy.request()` failed on:\n\nhttp://localhost:8080/api/user/responses\n\nThe response we received from your web server was:\n\n  > 500: Internal Server Error\n\nThis was considered a failure because the status code was not `2xx` or `3xx`.\n\nIf you do not want status codes to cause failures pass the option: `failOnStatusCode: false`\n\n-----------------------------------------------------------\n\nThe request we sent was:\n\nMethod: POST\nURL: http://localhost:8080/api/user/responses\nHeaders: {\n  \"Connection\": \"keep-alive\",\n  \"Authorization\": \"undefined\",\n  \"user-agent\": \"Mozilla/5.0 (Windows NT 10.0; Win64; x64) AppleWebKit/537.36 (KHTML, like Gecko) Cypress/13.17.0 Chrome/118.0.5993.159 Electron/27.3.10 Safari/537.36\",\n  \"accept\": \"*/*\",\n  \"accept-encoding\": \"gzip, deflate\",\n  \"content-type\": \"application/json\",\n  \"content-length\": 239\n}\nBody: {\"responses\":[{\"questionText\":\"What prompted you to start looking for another job?\",\"response\":\"Lack of career growth opportunities\"},{\"questionText\":\"Would you recommend this company to others?\",\"response\":\"Yes, with some reservations\"}]}\n\n-----------------------------------------------------------\n\nThe response we got was:\n\nStatus: 500 - Internal Server Error\nHeaders: {\n  \"x-powered-by\": \"Express\",\n  \"access-control-allow-origin\": \"*\",\n  \"content-security-policy\": \"default-src 'none'\",\n  \"x-content-type-options\": \"nosniff\",\n  \"content-type\": \"text/html; charset=utf-8\",\n  \"content-length\": \"1321\",\n  \"date\": \"Mon, 30 Jun 2025 08:47:30 GMT\",\n  \"connection\": \"keep-alive\",\n  \"keep-alive\": \"timeout=5\"\n}\nBody: <!DOCTYPE html>\n<html lang=\"en\">\n<head>\n<meta charset=\"utf-8\">\n<title>Error</title>\n</head>\n<body>\n<pre>JsonWebTokenError: jwt malformed<br> &nbsp; &nbsp;at module.exports [as verify] (C:\\Users\\rajla\\OneDrive\\Desktop\\xexit\\backend\\node_modules\\jsonwebtoken\\verify.js:70:17)<br> &nbsp; &nbsp;at fetchUser (C:\\Users\\rajla\\OneDrive\\Desktop\\xexit\\backend\\middleware\\auth.js:4:28)<br> &nbsp; &nbsp;at isExEmp (C:\\Users\\rajla\\OneDrive\\Desktop\\xexit\\backend\\middleware\\auth.js:66:22)<br> &nbsp; &nbsp;at Layer.handleRequest (C:\\Users\\rajla\\OneDrive\\Desktop\\xexit\\backend\\node_modules\\router\\lib\\layer.js:152:17)<br> &nbsp; &nbsp;at next (C:\\Users\\rajla\\OneDrive\\Desktop\\xexit\\backend\\node_modules\\router\\lib\\route.js:157:13)<br> &nbsp; &nbsp;at Route.dispatch (C:\\Users\\rajla\\OneDrive\\Desktop\\xexit\\backend\\node_modules\\router\\lib\\route.js:117:3)<br> &nbsp; &nbsp;at handle (C:\\Users\\rajla\\OneDrive\\Desktop\\xexit\\backend\\node_modules\\router\\index.js:435:11)<br> &nbsp; &nbsp;at Layer.handleRequest (C:\\Users\\rajla\\OneDrive\\Desktop\\xexit\\backend\\node_modules\\router\\lib\\layer.js:152:17)<br> &nbsp; &nbsp;at C:\\Users\\rajla\\OneDrive\\Desktop\\xexit\\backend\\node_modules\\router\\index.js:295:15<br> &nbsp; &nbsp;at processParams (C:\\Users\\rajla\\OneDrive\\Desktop\\xexit\\backend\\node_modules\\router\\index.js:582:12)</pre>\n</body>\n</html>\n\nhttps://on.cypress.io/request",
                "estack": "CypressError: `cy.request()` failed on:\n\nhttp://localhost:8080/api/user/responses\n\nThe response we received from your web server was:\n\n  > 500: Internal Server Error\n\nThis was considered a failure because the status code was not `2xx` or `3xx`.\n\nIf you do not want status codes to cause failures pass the option: `failOnStatusCode: false`\n\n-----------------------------------------------------------\n\nThe request we sent was:\n\nMethod: POST\nURL: http://localhost:8080/api/user/responses\nHeaders: {\n  \"Connection\": \"keep-alive\",\n  \"Authorization\": \"undefined\",\n  \"user-agent\": \"Mozilla/5.0 (Windows NT 10.0; Win64; x64) AppleWebKit/537.36 (KHTML, like Gecko) Cypress/13.17.0 Chrome/118.0.5993.159 Electron/27.3.10 Safari/537.36\",\n  \"accept\": \"*/*\",\n  \"accept-encoding\": \"gzip, deflate\",\n  \"content-type\": \"application/json\",\n  \"content-length\": 239\n}\nBody: {\"responses\":[{\"questionText\":\"What prompted you to start looking for another job?\",\"response\":\"Lack of career growth opportunities\"},{\"questionText\":\"Would you recommend this company to others?\",\"response\":\"Yes, with some reservations\"}]}\n\n-----------------------------------------------------------\n\nThe response we got was:\n\nStatus: 500 - Internal Server Error\nHeaders: {\n  \"x-powered-by\": \"Express\",\n  \"access-control-allow-origin\": \"*\",\n  \"content-security-policy\": \"default-src 'none'\",\n  \"x-content-type-options\": \"nosniff\",\n  \"content-type\": \"text/html; charset=utf-8\",\n  \"content-length\": \"1321\",\n  \"date\": \"Mon, 30 Jun 2025 08:47:30 GMT\",\n  \"connection\": \"keep-alive\",\n  \"keep-alive\": \"timeout=5\"\n}\nBody: <!DOCTYPE html>\n<html lang=\"en\">\n<head>\n<meta charset=\"utf-8\">\n<title>Error</title>\n</head>\n<body>\n<pre>JsonWebTokenError: jwt malformed<br> &nbsp; &nbsp;at module.exports [as verify] (C:\\Users\\rajla\\OneDrive\\Desktop\\xexit\\backend\\node_modules\\jsonwebtoken\\verify.js:70:17)<br> &nbsp; &nbsp;at fetchUser (C:\\Users\\rajla\\OneDrive\\Desktop\\xexit\\backend\\middleware\\auth.js:4:28)<br> &nbsp; &nbsp;at isExEmp (C:\\Users\\rajla\\OneDrive\\Desktop\\xexit\\backend\\middleware\\auth.js:66:22)<br> &nbsp; &nbsp;at Layer.handleRequest (C:\\Users\\rajla\\OneDrive\\Desktop\\xexit\\backend\\node_modules\\router\\lib\\layer.js:152:17)<br> &nbsp; &nbsp;at next (C:\\Users\\rajla\\OneDrive\\Desktop\\xexit\\backend\\node_modules\\router\\lib\\route.js:157:13)<br> &nbsp; &nbsp;at Route.dispatch (C:\\Users\\rajla\\OneDrive\\Desktop\\xexit\\backend\\node_modules\\router\\lib\\route.js:117:3)<br> &nbsp; &nbsp;at handle (C:\\Users\\rajla\\OneDrive\\Desktop\\xexit\\backend\\node_modules\\router\\index.js:435:11)<br> &nbsp; &nbsp;at Layer.handleRequest (C:\\Users\\rajla\\OneDrive\\Desktop\\xexit\\backend\\node_modules\\router\\lib\\layer.js:152:17)<br> &nbsp; &nbsp;at C:\\Users\\rajla\\OneDrive\\Desktop\\xexit\\backend\\node_modules\\router\\index.js:295:15<br> &nbsp; &nbsp;at processParams (C:\\Users\\rajla\\OneDrive\\Desktop\\xexit\\backend\\node_modules\\router\\index.js:582:12)</pre>\n</body>\n</html>\n\nhttps://on.cypress.io/request\n    at <unknown> (http://localhost:8080/__cypress/runner/cypress_runner.js:132876:72)\n    at tryCatcher (http://localhost:8080/__cypress/runner/cypress_runner.js:1830:23)\n    at Promise._settlePromiseFromHandler (http://localhost:8080/__cypress/runner/cypress_runner.js:1542:31)\n    at Promise._settlePromise (http://localhost:8080/__cypress/runner/cypress_runner.js:1599:18)\n    at Promise._settlePromise0 (http://localhost:8080/__cypress/runner/cypress_runner.js:1644:10)\n    at Promise._settlePromises (http://localhost:8080/__cypress/runner/cypress_runner.js:1724:18)\n    at _drainQueueStep (http://localhost:8080/__cypress/runner/cypress_runner.js:2430:12)\n    at _drainQueue (http://localhost:8080/__cypress/runner/cypress_runner.js:2423:9)\n    at Async._drainQueues (http://localhost:8080/__cypress/runner/cypress_runner.js:2439:5)\n    at Async.drainQueues (http://localhost:8080/__cypress/runner/cypress_runner.js:2309:14)\nFrom Your Spec Code:\n    at Context.eval (webpack://exitease/./cypress/integration/backend/backendTests.spec.js:96:7)",
                "diff": null
              },
              "uuid": "432ab186-3738-4e4e-99df-865215727eba",
              "parentUUID": "1b3e7012-444a-4668-a5ea-646115b0d025",
              "isHook": false,
              "skipped": false
            },
            {
              "title": "should allow the admin to view all questionnaire responses",
              "fullTitle": "Backend API Tests for Employee and Admin Role should allow the admin to view all questionnaire responses",
              "timedOut": null,
              "duration": 244,
              "state": "failed",
              "speed": null,
              "pass": false,
              "fail": true,
              "pending": false,
              "context": null,
              "code": "const token = Cypress.env(\"adminAuthToken\"); // Retrieve admin token from Cypress environment variable\ncy.request({\n  method: \"GET\",\n  url: `${apiUrl}/admin/exit_responses`,\n  headers: {\n    Authorization: `${token}`\n  }\n}).then(response => {\n  expect(response.status).to.eq(200);\n  expect(response.body.data).to.be.an(\"array\");\n  // Find the specific response data that matches the expected responses\n  const expectedResponses = [{\n    questionText: \"What prompted you to start looking for another job?\",\n    response: \"Lack of career growth opportunities\"\n  }, {\n    questionText: \"Would you recommend this company to others?\",\n    response: \"Yes, with some reservations\"\n  }];\n  // Check if any of the data array includes the expected responses\n  const hasExpectedResponses = response.body.data.some(item => {\n    return item.responses.length === expectedResponses.length && item.responses.every((resp, index) => {\n      return resp.questionText === expectedResponses[index].questionText && resp.response === expectedResponses[index].response;\n    });\n  });\n  // Assert that the expected responses exist in the data\n  expect(hasExpectedResponses).to.be.true;\n});",
              "err": {
                "message": "CypressError: `cy.request()` failed on:\n\nhttp://localhost:8080/api/admin/exit_responses\n\nThe response we received from your web server was:\n\n  > 500: Internal Server Error\n\nThis was considered a failure because the status code was not `2xx` or `3xx`.\n\nIf you do not want status codes to cause failures pass the option: `failOnStatusCode: false`\n\n-----------------------------------------------------------\n\nThe request we sent was:\n\nMethod: GET\nURL: http://localhost:8080/api/admin/exit_responses\nHeaders: {\n  \"Connection\": \"keep-alive\",\n  \"Authorization\": \"undefined\",\n  \"user-agent\": \"Mozilla/5.0 (Windows NT 10.0; Win64; x64) AppleWebKit/537.36 (KHTML, like Gecko) Cypress/13.17.0 Chrome/118.0.5993.159 Electron/27.3.10 Safari/537.36\",\n  \"accept\": \"*/*\",\n  \"accept-encoding\": \"gzip, deflate\"\n}\n\n-----------------------------------------------------------\n\nThe response we got was:\n\nStatus: 500 - Internal Server Error\nHeaders: {\n  \"x-powered-by\": \"Express\",\n  \"access-control-allow-origin\": \"*\",\n  \"content-security-policy\": \"default-src 'none'\",\n  \"x-content-type-options\": \"nosniff\",\n  \"content-type\": \"text/html; charset=utf-8\",\n  \"content-length\": \"1321\",\n  \"date\": \"Mon, 30 Jun 2025 08:47:30 GMT\",\n  \"connection\": \"keep-alive\",\n  \"keep-alive\": \"timeout=5\"\n}\nBody: <!DOCTYPE html>\n<html lang=\"en\">\n<head>\n<meta charset=\"utf-8\">\n<title>Error</title>\n</head>\n<body>\n<pre>JsonWebTokenError: jwt malformed<br> &nbsp; &nbsp;at module.exports [as verify] (C:\\Users\\rajla\\OneDrive\\Desktop\\xexit\\backend\\node_modules\\jsonwebtoken\\verify.js:70:17)<br> &nbsp; &nbsp;at fetchUser (C:\\Users\\rajla\\OneDrive\\Desktop\\xexit\\backend\\middleware\\auth.js:4:28)<br> &nbsp; &nbsp;at isAdmin (C:\\Users\\rajla\\OneDrive\\Desktop\\xexit\\backend\\middleware\\auth.js:50:22)<br> &nbsp; &nbsp;at Layer.handleRequest (C:\\Users\\rajla\\OneDrive\\Desktop\\xexit\\backend\\node_modules\\router\\lib\\layer.js:152:17)<br> &nbsp; &nbsp;at next (C:\\Users\\rajla\\OneDrive\\Desktop\\xexit\\backend\\node_modules\\router\\lib\\route.js:157:13)<br> &nbsp; &nbsp;at Route.dispatch (C:\\Users\\rajla\\OneDrive\\Desktop\\xexit\\backend\\node_modules\\router\\lib\\route.js:117:3)<br> &nbsp; &nbsp;at handle (C:\\Users\\rajla\\OneDrive\\Desktop\\xexit\\backend\\node_modules\\router\\index.js:435:11)<br> &nbsp; &nbsp;at Layer.handleRequest (C:\\Users\\rajla\\OneDrive\\Desktop\\xexit\\backend\\node_modules\\router\\lib\\layer.js:152:17)<br> &nbsp; &nbsp;at C:\\Users\\rajla\\OneDrive\\Desktop\\xexit\\backend\\node_modules\\router\\index.js:295:15<br> &nbsp; &nbsp;at processParams (C:\\Users\\rajla\\OneDrive\\Desktop\\xexit\\backend\\node_modules\\router\\index.js:582:12)</pre>\n</body>\n</html>\n\nhttps://on.cypress.io/request",
                "estack": "CypressError: `cy.request()` failed on:\n\nhttp://localhost:8080/api/admin/exit_responses\n\nThe response we received from your web server was:\n\n  > 500: Internal Server Error\n\nThis was considered a failure because the status code was not `2xx` or `3xx`.\n\nIf you do not want status codes to cause failures pass the option: `failOnStatusCode: false`\n\n-----------------------------------------------------------\n\nThe request we sent was:\n\nMethod: GET\nURL: http://localhost:8080/api/admin/exit_responses\nHeaders: {\n  \"Connection\": \"keep-alive\",\n  \"Authorization\": \"undefined\",\n  \"user-agent\": \"Mozilla/5.0 (Windows NT 10.0; Win64; x64) AppleWebKit/537.36 (KHTML, like Gecko) Cypress/13.17.0 Chrome/118.0.5993.159 Electron/27.3.10 Safari/537.36\",\n  \"accept\": \"*/*\",\n  \"accept-encoding\": \"gzip, deflate\"\n}\n\n-----------------------------------------------------------\n\nThe response we got was:\n\nStatus: 500 - Internal Server Error\nHeaders: {\n  \"x-powered-by\": \"Express\",\n  \"access-control-allow-origin\": \"*\",\n  \"content-security-policy\": \"default-src 'none'\",\n  \"x-content-type-options\": \"nosniff\",\n  \"content-type\": \"text/html; charset=utf-8\",\n  \"content-length\": \"1321\",\n  \"date\": \"Mon, 30 Jun 2025 08:47:30 GMT\",\n  \"connection\": \"keep-alive\",\n  \"keep-alive\": \"timeout=5\"\n}\nBody: <!DOCTYPE html>\n<html lang=\"en\">\n<head>\n<meta charset=\"utf-8\">\n<title>Error</title>\n</head>\n<body>\n<pre>JsonWebTokenError: jwt malformed<br> &nbsp; &nbsp;at module.exports [as verify] (C:\\Users\\rajla\\OneDrive\\Desktop\\xexit\\backend\\node_modules\\jsonwebtoken\\verify.js:70:17)<br> &nbsp; &nbsp;at fetchUser (C:\\Users\\rajla\\OneDrive\\Desktop\\xexit\\backend\\middleware\\auth.js:4:28)<br> &nbsp; &nbsp;at isAdmin (C:\\Users\\rajla\\OneDrive\\Desktop\\xexit\\backend\\middleware\\auth.js:50:22)<br> &nbsp; &nbsp;at Layer.handleRequest (C:\\Users\\rajla\\OneDrive\\Desktop\\xexit\\backend\\node_modules\\router\\lib\\layer.js:152:17)<br> &nbsp; &nbsp;at next (C:\\Users\\rajla\\OneDrive\\Desktop\\xexit\\backend\\node_modules\\router\\lib\\route.js:157:13)<br> &nbsp; &nbsp;at Route.dispatch (C:\\Users\\rajla\\OneDrive\\Desktop\\xexit\\backend\\node_modules\\router\\lib\\route.js:117:3)<br> &nbsp; &nbsp;at handle (C:\\Users\\rajla\\OneDrive\\Desktop\\xexit\\backend\\node_modules\\router\\index.js:435:11)<br> &nbsp; &nbsp;at Layer.handleRequest (C:\\Users\\rajla\\OneDrive\\Desktop\\xexit\\backend\\node_modules\\router\\lib\\layer.js:152:17)<br> &nbsp; &nbsp;at C:\\Users\\rajla\\OneDrive\\Desktop\\xexit\\backend\\node_modules\\router\\index.js:295:15<br> &nbsp; &nbsp;at processParams (C:\\Users\\rajla\\OneDrive\\Desktop\\xexit\\backend\\node_modules\\router\\index.js:582:12)</pre>\n</body>\n</html>\n\nhttps://on.cypress.io/request\n    at <unknown> (http://localhost:8080/__cypress/runner/cypress_runner.js:132876:72)\n    at tryCatcher (http://localhost:8080/__cypress/runner/cypress_runner.js:1830:23)\n    at Promise._settlePromiseFromHandler (http://localhost:8080/__cypress/runner/cypress_runner.js:1542:31)\n    at Promise._settlePromise (http://localhost:8080/__cypress/runner/cypress_runner.js:1599:18)\n    at Promise._settlePromise0 (http://localhost:8080/__cypress/runner/cypress_runner.js:1644:10)\n    at Promise._settlePromises (http://localhost:8080/__cypress/runner/cypress_runner.js:1724:18)\n    at _drainQueueStep (http://localhost:8080/__cypress/runner/cypress_runner.js:2430:12)\n    at _drainQueue (http://localhost:8080/__cypress/runner/cypress_runner.js:2423:9)\n    at Async._drainQueues (http://localhost:8080/__cypress/runner/cypress_runner.js:2439:5)\n    at Async.drainQueues (http://localhost:8080/__cypress/runner/cypress_runner.js:2309:14)\nFrom Your Spec Code:\n    at Context.eval (webpack://exitease/./cypress/integration/backend/backendTests.spec.js:122:7)",
                "diff": null
              },
              "uuid": "f6583d68-6030-4821-8b89-fc1e403a27b7",
              "parentUUID": "1b3e7012-444a-4668-a5ea-646115b0d025",
              "isHook": false,
              "skipped": false
            }
          ],
          "suites": [],
          "passes": [],
          "failures": [
            "da5e55ca-823c-4964-aafc-c5b7fc2319ac",
            "fa22c787-ec1e-4782-b2fc-39236bc319ca",
            "1fff1d79-6c92-48a9-b1d3-2c8bea04c2ac",
            "4cf415f2-fee6-439c-a3e7-6a5a08bf81ee",
            "7070a3f5-6a48-4412-b627-d8c31b604fd8",
            "d00fedef-2675-4bd1-b36a-b3ed2d2bf2f0",
            "432ab186-3738-4e4e-99df-865215727eba",
            "f6583d68-6030-4821-8b89-fc1e403a27b7"
          ],
          "pending": [],
          "skipped": [],
          "duration": 2958,
          "root": false,
          "rootEmpty": false,
          "_timeout": 2000
        }
      ],
      "passes": [],
      "failures": [],
      "pending": [],
      "skipped": [],
      "duration": 0,
      "root": true,
      "rootEmpty": true,
      "_timeout": 2000
    }
  ],
  "meta": {
    "mocha": {
      "version": "7.0.1"
    },
    "mochawesome": {
      "options": {
        "quiet": false,
        "reportFilename": "my-report",
        "saveHtml": true,
        "saveJson": true,
        "consoleReporter": "spec",
        "useInlineDiffs": false,
        "code": true
      },
      "version": "7.1.3"
    },
    "marge": {
      "options": {
        "charts": true,
        "json": true,
        "reportsDir": "reports/your-reports-folder",
        "reportFilename": "my-report",
        "overwrite": false
      },
      "version": "6.2.0"
    }
  }
}